<?xml version="1.0" encoding="UTF-8"?>
<Site BuildName="(empty)"
	BuildStamp="20201217-0221-Experimental"
	Name="(empty)"
	Generator="ctest-3.16.3"
	CompilerName=""
	CompilerVersion=""
	OSName="Linux"
	Hostname="LAPTOP-K3SSD7P6"
	OSRelease="4.19.128-microsoft-standard"
	OSVersion="#1 SMP Tue Jun 23 12:58:10 UTC 2020"
	OSPlatform="x86_64"
	Is64Bits="1"
	VendorString="GenuineIntel"
	VendorID="Intel Corporation"
	FamilyID="6"
	ModelID="142"
	ProcessorCacheSize="3072"
	NumberOfLogicalCPU="4"
	NumberOfPhysicalCPU="2"
	TotalVirtualMemory="2048"
	TotalPhysicalMemory="6248"
	LogicalProcessorsPerPhysical="2"
	ProcessorClockFrequency="2712"
	>
	<Testing>
		<StartDateTime>Dec 16 23:21 -03</StartDateTime>
		<StartTestTime>1608171680</StartTestTime>
		<TestList>
			<Test>./test/test_kll</Test>
		</TestList>
		<Test Status="failed">
			<Name>test_kll</Name>
			<Path>./test</Path>
			<FullName>./test/test_kll</FullName>
			<FullCommandLine>/mnt/c/Users/Marcos/Desktop/Meus\ projetos/Big-Data-IC/build/test/test_kll</FullCommandLine>
			<Results>
				<NamedMeasurement type="text/string" name="Exit Code">
					<Value>Failed</Value>
				</NamedMeasurement>
				<NamedMeasurement type="text/string" name="Exit Value">
					<Value>1</Value>
				</NamedMeasurement>
				<NamedMeasurement type="numeric/double" name="Execution Time">
					<Value>0.0446861</Value>
				</NamedMeasurement>
				<NamedMeasurement type="numeric/double" name="Processors">
					<Value>1</Value>
				</NamedMeasurement>
				<NamedMeasurement type="text/string" name="Completion Status">
					<Value>Completed</Value>
				</NamedMeasurement>
				<NamedMeasurement type="text/string" name="Command Line">
					<Value>/mnt/c/Users/Marcos/Desktop/Meus\ projetos/Big-Data-IC/build/test/test_kll</Value>
				</NamedMeasurement>
				<Measurement>
					<Value encoding="base64" compression="gzip">eJydU8luwjAQvfsr5likJmmg7SFSD7RAhbqz9IJQZcIQUhw7ssdd/r5ZAJUUmqpziPxmnmfL88BKGcsIEh7LowYstErASyR5oTc2qI13x3WojNdBsyKVendoDaRavSJl3ss4cjqcuNO/8iKlIoGEhr4fjQ69KD+95BXcMGSTi61NYbAu34KcY8r6fgHA2JjQZRNna1O4FmrGRRlH+RZrJROUGRfJsWmFvJP0RohRhtgEBuN7KGy6cbr5py+zeWmoNOE8Y5X2cPMLC45OIDGNwynH6ZwTsiXG0ZJgcjINoAmsglt7PKcV3xb4BaEaPq8n+M06zo+wX+3Vb/2NdHp2gHdwq+Wiavf5ZFF/sv/Js1BjIcSVEG6YpkHrPIAej4XVyJ65sAhqEcCCC4MMoB2S5WKDux8phtkvD4C0xXyQXrt/2+3s7XA7R50YSyKQIi4a7G9KJ+Tamat3ufuQDj4g0Fy6u4Wy7h/bw2HZfbO86O7OVGY4BhGbXOgzFOo9qBmbsezaOj7qDkfsC/Q4UrE=</Value>
				</Measurement>
			</Results>
		</Test>
		<EndDateTime>Dec 16 23:21 -03</EndDateTime>
		<EndTestTime>1608171680</EndTestTime>
		<ElapsedMinutes>0</ElapsedMinutes>
	</Testing>
</Site>
